Line 19: Class MSDataGridLib.DataGrid of control DataGrid1 was not a loaded control class.
Line 85: Class MSAdodcLib.Adodc of control Adodc1 was not a loaded control class.
Line 132: Class glxpbuttonz.UserButtonz of control UserButtonz1 was not a loaded control class.
Line 20: The property name Bindings in DataGrid1 is invalid.
Line 27: The property name _ExtentX in DataGrid1 is invalid.
Line 28: The property name _ExtentY in DataGrid1 is invalid.
Line 29: The property name _Version in DataGrid1 is invalid.
Line 30: The property name HeadLines in DataGrid1 is invalid.
Line 31: The property name RowHeight in DataGrid1 is invalid.
Line 40: The property name HeadFont in DataGrid1 is invalid.
Line 50: The property name ColumnCount in DataGrid1 is invalid.
Line 63: The property name Column00 in DataGrid1 is invalid.
Line 76: The property name Column01 in DataGrid1 is invalid.
Line 77: The property name SplitCount in DataGrid1 is invalid.
Line 83: The property name Split0 in DataGrid1 is invalid.
Line 91: The property name _ExtentX in Adodc1 is invalid.
Line 92: The property name _ExtentY in Adodc1 is invalid.
Line 93: The property name ConnectMode in Adodc1 is invalid.
Line 94: The property name CursorLocation in Adodc1 is invalid.
Line 95: The property name IsolationLevel in Adodc1 is invalid.
Line 96: The property name ConnectionTimeout in Adodc1 is invalid.
Line 97: The property name CommandTimeout in Adodc1 is invalid.
Line 98: The property name CursorType in Adodc1 is invalid.
Line 99: The property name LockType in Adodc1 is invalid.
Line 100: The property name CommandType in Adodc1 is invalid.
Line 101: The property name CursorOptions in Adodc1 is invalid.
Line 102: The property name CacheSize in Adodc1 is invalid.
Line 103: The property name MaxRecords in Adodc1 is invalid.
Line 104: The property name BOFAction in Adodc1 is invalid.
Line 105: The property name EOFAction in Adodc1 is invalid.
Line 106: The property name ConnectStringType in Adodc1 is invalid.
Line 110: The property name Orientation in Adodc1 is invalid.
Line 112: The property name Connect in Adodc1 is invalid.
Line 113: The property name OLEDBString in Adodc1 is invalid.
Line 114: The property name OLEDBFile in Adodc1 is invalid.
Line 115: The property name DataSourceName in Adodc1 is invalid.
Line 116: The property name OtherAttributes in Adodc1 is invalid.
Line 117: The property name UserName in Adodc1 is invalid.
Line 118: The property name Password in Adodc1 is invalid.
Line 119: The property name RecordSource in Adodc1 is invalid.
Line 120: The property name Caption in Adodc1 is invalid.
Line 130: The property name _Version in Adodc1 is invalid.
Line 138: The property name _ExtentX in UserButtonz1 is invalid.
Line 139: The property name _ExtentY in UserButtonz1 is invalid.
Line 149: The property name Caption in UserButtonz1 is invalid.
Line 150: The property name IconHighLiteColor in UserButtonz1 is invalid.
Line 151: The property name CaptionHighLiteColor in UserButtonz1 is invalid.
Line 152: The property name Style in UserButtonz1 is invalid.
Line 153: The property name Checked in UserButtonz1 is invalid.
Line 154: The property name ColorButtonHover in UserButtonz1 is invalid.
Line 155: The property name ColorButtonUp in UserButtonz1 is invalid.
Line 156: The property name ColorButtonDown in UserButtonz1 is invalid.
Line 157: The property name BorderBrightness in UserButtonz1 is invalid.
Line 158: The property name ColorBright in UserButtonz1 is invalid.
Line 159: The property name DisplayHand in UserButtonz1 is invalid.
Line 160: The property name ColorScheme in UserButtonz1 is invalid.
